2026-04-20 14:34:07 | stage4_docking       | WARNING  | [EGFR] No PDB structures found.
  To add PDB files, either:
  (a) Create data/raw/pdb/EGFR/*.pdb, or
  (b) Add to data/raw/pdb_registry.json, or
  (c) Place .pdb files in data/raw/pdb/
2026-04-21 11:47:36 | stage4_docking       | WARNING  | [EGFR] No PDB structures found.
  To add PDB files, either:
  (a) Create data/raw/pdb/EGFR/*.pdb, or
  (b) Add to data/raw/pdb_registry.json, or
  (c) Place .pdb files in data/raw/pdb/
2026-04-21 11:50:26 | stage4_docking       | INFO     | [EGFR] Searching RCSB for UniProt P00533 ...
2026-04-21 11:50:27 | stage4_docking       | INFO     | RCSB returned 306 structures for UniProt P00533
2026-04-21 11:50:27 | stage4_docking       | INFO     |   [PDB] Downloading 8A27 from https://files.rcsb.org/download/8A27.pdb
2026-04-21 11:50:29 | stage4_docking       | INFO     |   [PDB] 8A27 downloaded: 2299 ATOM records, 482.9 KB
2026-04-21 11:50:29 | stage4_docking       | INFO     |   [PDB] Downloading 8A2D from https://files.rcsb.org/download/8A2D.pdb
2026-04-21 11:50:30 | stage4_docking       | INFO     |   [PDB] 8A2D downloaded: 2318 ATOM records, 450.6 KB
2026-04-21 11:50:30 | stage4_docking       | INFO     |   [PDB] Downloading 5UG9 from https://files.rcsb.org/download/5UG9.pdb
2026-04-21 11:50:31 | stage4_docking       | INFO     |   [PDB] 5UG9 downloaded: 2298 ATOM records, 255.1 KB
2026-04-21 11:50:31 | stage4_docking       | INFO     | [EGFR] Will dock against 3 PDB structure(s): ['8A27', '8A2D', '5UG9']
2026-04-21 11:50:31 | stage4_docking       | INFO     | [EGFR] Docking 40 compounds x 3 PDB structures
2026-04-21 11:50:31 | stage4_docking       | INFO     | 
============================================================
2026-04-21 11:50:31 | stage4_docking       | INFO     | [EGFR] PDB: 8A27  |  Reference ligand: AUTO-DETECT
2026-04-21 11:50:31 | stage4_docking       | INFO     | Cleaned PDB: protein_clean.pdb  (2299 heavy atoms)
2026-04-21 11:50:31 | stage4_docking       | INFO     | Protein PDBQT: protein.pdbqt
2026-04-21 11:50:31 | stage4_docking       | INFO     |   Pocket centre: (23.8, -10.6, -11.6) | box: 30.2 x 20.1 x 26.0 A | ref: KY9
2026-04-21 11:50:35 | stage4_docking       | INFO     |   [CHEMBL53711] Best: -8.916 kcal/mol | all: -8.92 -8.83 -8.09 -7.86 -7.68 -7.50 -7.06 -7.02 -6.80
2026-04-21 11:50:39 | stage4_docking       | INFO     |   [CHEMBL53753] Best: -9.903 kcal/mol | all: -9.90 -8.63 -8.46 -8.12 -8.02 -7.99 -7.82 -7.81 -7.68
2026-04-21 11:50:43 | stage4_docking       | INFO     |   [CHEMBL53428] Best: -8.234 kcal/mol | all: -8.23 -7.87 -7.55 -7.52 -7.34 -7.27 -7.11 -7.10 -6.99
2026-04-21 11:50:46 | stage4_docking       | INFO     |   [CHEMBL54400] Best: -9.325 kcal/mol | all: -9.32 -8.70 -8.67 -8.33 -8.29 -8.24 -7.88 -7.76 -7.60
2026-04-21 11:50:50 | stage4_docking       | INFO     |   [CHEMBL166154] Best: -9.810 kcal/mol | all: -9.81 -8.72 -8.51 -8.24 -8.09 -8.03 -7.76 -7.74 -7.37
2026-04-21 11:50:56 | stage4_docking       | INFO     |   [CHEMBL5790648] Best: -10.261 kcal/mol | all: -10.26 -10.22 -8.39 -7.95 -7.67
2026-04-21 11:51:01 | stage4_docking       | INFO     |   [CHEMBL188762] Best: -9.465 kcal/mol | all: -9.46 -9.19 -9.11 -8.51 -8.42 -8.20 -7.52 -7.46 -6.94
2026-04-21 11:51:05 | stage4_docking       | INFO     |   [CHEMBL161956] Best: -8.707 kcal/mol | all: -8.71 -8.22 -7.93 -7.72 -7.56 -6.91 -6.87 -6.76 -6.72
2026-04-21 11:51:09 | stage4_docking       | INFO     |   [CHEMBL162821] Best: -8.883 kcal/mol | all: -8.88 -8.87 -8.28 -8.16 -8.02 -8.01 -7.79 -7.34 -7.25
2026-04-21 11:51:16 | stage4_docking       | INFO     |   [CHEMBL5746224] Best: -9.272 kcal/mol | all: -9.27 -9.23 -9.22 -8.96 -8.90 -8.75 -8.46 -8.42 -7.98
2026-04-21 11:51:23 | stage4_docking       | INFO     |   [CHEMBL5968640] Best: -11.092 kcal/mol | all: -11.09 -8.92 -8.77 -8.69
2026-04-21 11:51:29 | stage4_docking       | INFO     |   [CHEMBL5993268] Best: -9.323 kcal/mol | all: -9.32 -9.13 -7.40 -7.25 -6.98 -6.73 -6.54 -6.37 -6.35
2026-04-21 11:51:32 | stage4_docking       | INFO     |   [CHEMBL66031] Best: -9.524 kcal/mol | all: -9.52 -9.22 -9.03 -8.46 -8.42 -8.29 -8.26 -8.25 -8.16
2026-04-21 11:51:36 | stage4_docking       | INFO     |   [CHEMBL2031296] Best: -9.468 kcal/mol | all: -9.47 -9.21 -8.62 -8.21 -8.08 -8.05 -7.83 -7.44 -7.43
2026-04-21 11:51:40 | stage4_docking       | INFO     |   [CHEMBL53062] Best: -8.307 kcal/mol | all: -8.31 -7.97 -7.74 -7.05 -7.02 -6.90 -6.12 -6.11 -5.93
2026-04-21 11:51:48 | stage4_docking       | INFO     |   [CHEMBL5997498] Best: -11.004 kcal/mol | all: -11.00 -10.26 -9.46 -9.27 -8.91
2026-04-21 11:51:51 | stage4_docking       | INFO     |   [CHEMBL176582] Best: -10.686 kcal/mol | all: -10.69 -8.85 -8.66 -8.65 -7.83
2026-04-21 11:51:56 | stage4_docking       | INFO     |   [CHEMBL351629] Best: -9.753 kcal/mol | all: -9.75 -9.08 -7.98 -7.70 -7.07 -7.00
2026-04-21 11:52:00 | stage4_docking       | INFO     |   [CHEMBL3814257] Best: -9.513 kcal/mol | all: -9.51 -9.49 -9.09 -8.69 -8.58 -7.98 -7.96 -7.83 -7.52
2026-04-21 11:52:04 | stage4_docking       | INFO     |   [CHEMBL592617] Best: -8.976 kcal/mol | all: -8.98 -8.65 -7.91 -7.89 -7.86 -7.55 -6.96 -6.83 -6.54
2026-04-21 11:52:11 | stage4_docking       | INFO     |   [CHEMBL5915655] Best: -8.779 kcal/mol | all: -8.78 -8.65 -8.61 -7.77 -7.12 -6.81 -6.52 -6.26 -5.90
2026-04-21 11:52:15 | stage4_docking       | INFO     |   [CHEMBL165864] Best: -9.217 kcal/mol | all: -9.22 -8.30 -8.19 -8.17 -7.93 -7.57 -7.09 -6.57 -6.50
2026-04-21 11:52:18 | stage4_docking       | INFO     |   [CHEMBL53156] Best: -8.349 kcal/mol | all: -8.35 -7.99 -7.84 -7.67 -7.66 -7.40 -7.18 -7.13 -6.94
2026-04-21 11:52:22 | stage4_docking       | INFO     |   [CHEMBL127082] Best: -8.928 kcal/mol | all: -8.93 -8.87 -8.40 -8.24 -8.17 -8.09 -8.01 -7.84 -7.26
2026-04-21 11:52:26 | stage4_docking       | INFO     |   [CHEMBL174426] Best: -10.508 kcal/mol | all: -10.51 -9.21 -8.90 -8.83 -8.49 -8.36 -8.31 -7.93
2026-04-21 11:52:30 | stage4_docking       | INFO     |   [CHEMBL127041] Best: -8.547 kcal/mol | all: -8.55 -8.41 -8.20 -7.97 -7.72 -7.70 -7.44 -7.44 -7.42
2026-04-21 11:52:34 | stage4_docking       | INFO     |   [CHEMBL50519] Best: -8.411 kcal/mol | all: -8.41 -8.19 -7.98 -7.82 -7.66 -7.63 -7.47 -7.11 -6.92
2026-04-21 11:52:38 | stage4_docking       | INFO     |   [CHEMBL92812] Best: -8.833 kcal/mol | all: -8.83 -8.67 -8.07 -7.68 -7.31 -7.24 -7.12 -7.09 -7.04
2026-04-21 11:52:42 | stage4_docking       | INFO     |   [CHEMBL50344] Best: -8.453 kcal/mol | all: -8.45 -8.45 -8.01 -7.87 -7.83 -7.81 -7.62 -7.54 -7.45
2026-04-21 11:52:49 | stage4_docking       | INFO     |   [CHEMBL5786982] Best: -10.823 kcal/mol | all: -10.82 -8.37
2026-04-21 11:52:53 | stage4_docking       | INFO     |   [CHEMBL4250210] Best: -8.331 kcal/mol | all: -8.33 -8.06 -7.65 -7.14 -7.07 -6.91 -6.62 -6.47 -6.46
2026-04-21 11:52:59 | stage4_docking       | INFO     |   [CHEMBL3623279] Best: -10.556 kcal/mol | all: -10.56 -9.15 -8.45 -8.09
2026-04-21 11:53:04 | stage4_docking       | INFO     |   [CHEMBL341319] Best: -9.121 kcal/mol | all: -9.12 -8.77 -8.50 -8.11 -7.73 -7.33 -7.03 -6.95 -6.89
2026-04-21 11:53:09 | stage4_docking       | INFO     |   [CHEMBL355816] Best: -8.951 kcal/mol | all: -8.95 -8.75 -8.57 -8.50 -8.06 -7.35 -7.24 -6.88 -6.52
2026-04-21 11:53:13 | stage4_docking       | INFO     |   [CHEMBL162034] Best: -10.511 kcal/mol | all: -10.51 -9.30 -9.29 -8.43
2026-04-21 11:53:17 | stage4_docking       | INFO     |   [CHEMBL53796] Best: -8.554 kcal/mol | all: -8.55 -8.32 -8.05 -8.01 -7.85 -7.34 -7.26 -7.11 -6.78
2026-04-21 11:53:21 | stage4_docking       | INFO     |   [CHEMBL93302] Best: -9.132 kcal/mol | all: -9.13 -8.83 -8.72 -8.63 -8.59 -8.41 -8.23 -8.05 -7.68
2026-04-21 11:53:29 | stage4_docking       | INFO     |   [CHEMBL6054692] Best: -8.946 kcal/mol | all: -8.95 -8.74 -8.32 -7.93 -7.90 -7.41 -7.29 -7.12 -6.90
2026-04-21 11:53:35 | stage4_docking       | INFO     |   [CHEMBL2031297] Best: -10.261 kcal/mol | all: -10.26 -9.98 -9.53 -9.52 -8.97 -8.54 -8.46
2026-04-21 11:53:39 | stage4_docking       | INFO     |   [CHEMBL163188] Best: -8.373 kcal/mol | all: -8.37 -8.13 -8.05 -7.78 -7.73 -7.72 -7.54 -7.45 -7.36
2026-04-21 11:53:39 | stage4_docking       | INFO     | 
  ++++++++++++++++++++++++++++++++++++++++++++++++++++++++
2026-04-21 11:53:39 | stage4_docking       | INFO     |   TOP-6  BEST AFFINITY  |  EGFR x 8A27
2026-04-21 11:53:39 | stage4_docking       | INFO     |   ++++++++++++++++++++++++++++++++++++++++++++++++++++++++
2026-04-21 11:53:39 | stage4_docking       | INFO     |   #1  CHEMBL5968640           -11.092 kcal/mol  pIC50=10.66  QED=0.614
2026-04-21 11:53:39 | stage4_docking       | INFO     |   #2  CHEMBL5997498           -11.004 kcal/mol  pIC50=10.70  QED=0.595
2026-04-21 11:53:39 | stage4_docking       | INFO     |   #3  CHEMBL5786982           -10.823 kcal/mol  pIC50=9.94  QED=0.638
2026-04-21 11:53:39 | stage4_docking       | INFO     |   #4  CHEMBL176582            -10.686 kcal/mol  pIC50=11.00  QED=0.591
2026-04-21 11:53:39 | stage4_docking       | INFO     |   #5  CHEMBL3623279           -10.556 kcal/mol  pIC50=8.82  QED=0.728
2026-04-21 11:53:39 | stage4_docking       | INFO     |   #6  CHEMBL162034            -10.511 kcal/mol  pIC50=8.96  QED=0.675
2026-04-21 11:53:39 | stage4_docking       | INFO     | 
============================================================
2026-04-21 11:53:39 | stage4_docking       | INFO     | [EGFR] PDB: 8A2D  |  Reference ligand: AUTO-DETECT
2026-04-21 11:53:39 | stage4_docking       | INFO     | Cleaned PDB: protein_clean.pdb  (2318 heavy atoms)
2026-04-21 11:53:39 | stage4_docking       | INFO     | Protein PDBQT: protein.pdbqt
2026-04-21 11:53:39 | stage4_docking       | INFO     |   Pocket centre: (-2.7, -10.6, 21.1) | box: 30.7 x 23.2 x 24.2 A | ref: KXY
2026-04-21 11:53:43 | stage4_docking       | INFO     |   [CHEMBL53711] Best: -8.372 kcal/mol | all: -8.37 -8.18 -8.09 -8.03 -7.98 -7.65 -7.57 -6.99 -6.77
2026-04-21 11:53:47 | stage4_docking       | INFO     |   [CHEMBL53753] Best: -8.886 kcal/mol | all: -8.89 -8.49 -8.40 -8.15 -8.03 -7.92 -7.80 -7.79 -6.83
2026-04-21 11:53:51 | stage4_docking       | INFO     |   [CHEMBL53428] Best: -8.388 kcal/mol | all: -8.39 -8.34 -8.23 -8.13 -8.08 -7.84 -7.79 -7.04 -6.98
2026-04-21 11:53:54 | stage4_docking       | INFO     |   [CHEMBL54400] Best: -8.405 kcal/mol | all: -8.40 -8.08 -7.86 -7.72 -7.70 -7.44 -7.28 -7.25 -7.14
2026-04-21 11:53:58 | stage4_docking       | INFO     |   [CHEMBL166154] Best: -8.803 kcal/mol | all: -8.80 -8.35 -8.06 -8.05 -7.96 -7.92 -7.82 -7.50 -7.19
2026-04-21 11:54:05 | stage4_docking       | INFO     |   [CHEMBL5790648] Best: -10.419 kcal/mol | all: -10.42 -9.10 -8.48 -7.66
2026-04-21 11:54:10 | stage4_docking       | INFO     |   [CHEMBL188762] Best: -8.877 kcal/mol | all: -8.88 -8.41 -8.26 -8.05 -7.86 -7.50 -7.41 -7.30 -6.68
2026-04-21 11:54:15 | stage4_docking       | INFO     |   [CHEMBL161956] Best: -8.754 kcal/mol | all: -8.75 -8.22 -8.16 -8.05 -8.01 -7.91 -7.29 -6.99 -6.80
2026-04-21 11:54:18 | stage4_docking       | INFO     |   [CHEMBL162821] Best: -8.503 kcal/mol | all: -8.50 -8.47 -8.34 -8.18 -8.09 -7.99 -7.96 -7.49 -7.26
2026-04-21 11:54:26 | stage4_docking       | INFO     |   [CHEMBL5746224] Best: -8.573 kcal/mol | all: -8.57 -8.40 -8.25 -7.68 -7.51 -7.39 -7.38 -7.37 -7.32
2026-04-21 11:54:34 | stage4_docking       | INFO     |   [CHEMBL5968640] Best: -8.683 kcal/mol | all: -8.68 -8.11 -7.74 -7.69 -7.46 -7.37 -7.29 -7.14 -6.88
2026-04-21 11:54:41 | stage4_docking       | INFO     |   [CHEMBL5993268] Best: -9.928 kcal/mol | all: -9.93 -8.49 -8.02 -7.61 -7.56 -7.55 -7.06 -7.00
2026-04-21 11:54:45 | stage4_docking       | INFO     |   [CHEMBL66031] Best: -8.463 kcal/mol | all: -8.46 -8.30 -8.13 -7.97 -7.87 -7.81 -6.99 -6.89 -6.57
2026-04-21 11:54:49 | stage4_docking       | INFO     |   [CHEMBL2031296] Best: -8.716 kcal/mol | all: -8.72 -8.64 -8.39 -8.32 -8.20 -8.06 -7.39 -6.98 -6.61
2026-04-21 11:54:53 | stage4_docking       | INFO     |   [CHEMBL53062] Best: -8.443 kcal/mol | all: -8.44 -8.35 -8.20 -8.15 -7.75 -7.71 -7.65 -7.57 -7.46
2026-04-21 11:55:01 | stage4_docking       | INFO     |   [CHEMBL5997498] Best: -8.311 kcal/mol | all: -8.31 -7.80 -7.75 -7.39 -7.26 -7.22 -7.12 -7.03 -7.03
2026-04-21 11:55:06 | stage4_docking       | INFO     |   [CHEMBL176582] Best: -9.684 kcal/mol | all: -9.68 -9.07 -8.76 -8.50 -8.37 -7.83 -7.29 -7.24 -6.88
2026-04-21 11:55:11 | stage4_docking       | INFO     |   [CHEMBL351629] Best: -8.601 kcal/mol | all: -8.60 -8.08 -8.05 -7.70 -7.45 -7.35 -7.15 -7.12 -7.11
2026-04-21 11:55:15 | stage4_docking       | INFO     |   [CHEMBL3814257] Best: -9.783 kcal/mol | all: -9.78 -9.12 -9.00 -8.81 -8.67 -7.90 -7.85 -7.72 -7.39
2026-04-21 11:55:20 | stage4_docking       | INFO     |   [CHEMBL592617] Best: -9.077 kcal/mol | all: -9.08 -8.98 -8.67 -7.83 -7.44 -7.43 -7.20 -6.98 -6.92
2026-04-21 11:55:27 | stage4_docking       | INFO     |   [CHEMBL5915655] Best: -9.318 kcal/mol | all: -9.32 -8.03 -7.91 -7.64 -7.52 -7.47 -7.43 -6.95 -6.76
2026-04-21 11:55:32 | stage4_docking       | INFO     |   [CHEMBL165864] Best: -8.212 kcal/mol | all: -8.21 -8.07 -7.98 -7.87 -7.73 -7.64 -7.21 -7.13 -6.69
2026-04-21 11:55:36 | stage4_docking       | INFO     |   [CHEMBL53156] Best: -8.130 kcal/mol | all: -8.13 -8.09 -7.95 -7.85 -7.64 -7.55 -7.52 -7.34 -7.26
2026-04-21 11:55:39 | stage4_docking       | INFO     |   [CHEMBL127082] Best: -8.552 kcal/mol | all: -8.55 -8.49 -8.38 -8.34 -8.33 -7.96 -7.77 -7.76 -7.68
2026-04-21 11:55:43 | stage4_docking       | INFO     |   [CHEMBL174426] Best: -9.402 kcal/mol | all: -9.40 -9.19 -8.53 -8.48 -8.31 -8.09 -7.97 -7.50 -7.15
2026-04-21 11:55:47 | stage4_docking       | INFO     |   [CHEMBL127041] Best: -8.979 kcal/mol | all: -8.98 -8.97 -8.31 -8.21 -8.17 -8.10 -7.77 -7.65 -7.59
2026-04-21 11:55:51 | stage4_docking       | INFO     |   [CHEMBL50519] Best: -8.156 kcal/mol | all: -8.16 -8.14 -8.00 -7.78 -7.60 -7.56 -7.54 -7.33 -5.81
2026-04-21 11:55:55 | stage4_docking       | INFO     |   [CHEMBL92812] Best: -8.741 kcal/mol | all: -8.74 -8.48 -8.37 -8.27 -8.12 -7.81 -7.80 -7.64 -7.46
2026-04-21 11:55:59 | stage4_docking       | INFO     |   [CHEMBL50344] Best: -8.694 kcal/mol | all: -8.69 -8.46 -8.13 -7.82 -7.80 -7.62 -7.26 -6.71 -6.49
2026-04-21 11:56:06 | stage4_docking       | INFO     |   [CHEMBL5786982] Best: -9.940 kcal/mol | all: -9.94 -7.60 -7.49 -7.40 -7.24 -7.20 -7.18 -7.13
2026-04-21 11:56:10 | stage4_docking       | INFO     |   [CHEMBL4250210] Best: -7.990 kcal/mol | all: -7.99 -7.67 -7.40 -7.26 -7.18 -7.00 -6.80 -6.70 -6.49
2026-04-21 11:56:16 | stage4_docking       | INFO     |   [CHEMBL3623279] Best: -9.137 kcal/mol | all: -9.14 -8.28 -8.02 -7.96 -7.89 -7.52 -7.28 -7.23 -6.76
2026-04-21 11:56:21 | stage4_docking       | INFO     |   [CHEMBL341319] Best: -8.747 kcal/mol | all: -8.75 -8.55 -8.33 -8.10 -7.91 -7.76 -7.59 -7.43 -7.12
2026-04-21 11:56:26 | stage4_docking       | INFO     |   [CHEMBL355816] Best: -8.953 kcal/mol | all: -8.95 -8.50 -8.17 -7.34 -7.30 -6.85 -6.67 -6.61 -6.49
2026-04-21 11:56:31 | stage4_docking       | INFO     |   [CHEMBL162034] Best: -8.384 kcal/mol | all: -8.38 -7.93 -7.79 -7.26 -6.85 -6.67 -6.63 -6.39 -6.37
2026-04-21 11:56:34 | stage4_docking       | INFO     |   [CHEMBL53796] Best: -8.465 kcal/mol | all: -8.46 -8.23 -7.97 -7.91 -7.69 -7.61 -7.61 -7.06 -6.38
2026-04-21 11:56:38 | stage4_docking       | INFO     |   [CHEMBL93302] Best: -9.174 kcal/mol | all: -9.17 -8.29 -8.28 -8.26 -7.91 -7.72 -7.71 -7.47 -7.09
2026-04-21 11:56:46 | stage4_docking       | INFO     |   [CHEMBL6054692] Best: -9.211 kcal/mol | all: -9.21 -8.41 -8.21 -7.66 -7.65 -7.53 -7.18 -6.97 -6.82
2026-04-21 11:56:52 | stage4_docking       | INFO     |   [CHEMBL2031297] Best: -8.960 kcal/mol | all: -8.96 -8.94 -8.06 -7.97 -7.92 -7.77 -7.63 -7.61 -7.38
2026-04-21 11:56:56 | stage4_docking       | INFO     |   [CHEMBL163188] Best: -8.778 kcal/mol | all: -8.78 -8.57 -8.54 -8.16 -7.82 -7.59 -7.41 -6.92 -6.41
2026-04-21 11:56:56 | stage4_docking       | INFO     | 
  ++++++++++++++++++++++++++++++++++++++++++++++++++++++++
2026-04-21 11:56:56 | stage4_docking       | INFO     |   TOP-6  BEST AFFINITY  |  EGFR x 8A2D
2026-04-21 11:56:56 | stage4_docking       | INFO     |   ++++++++++++++++++++++++++++++++++++++++++++++++++++++++
2026-04-21 11:56:56 | stage4_docking       | INFO     |   #1  CHEMBL5790648           -10.419 kcal/mol  pIC50=10.80  QED=0.656
2026-04-21 11:56:56 | stage4_docking       | INFO     |   #2  CHEMBL5786982           -9.940 kcal/mol  pIC50=9.94  QED=0.638
2026-04-21 11:56:56 | stage4_docking       | INFO     |   #3  CHEMBL5993268           -9.928 kcal/mol  pIC50=10.42  QED=0.626
2026-04-21 11:56:56 | stage4_docking       | INFO     |   #4  CHEMBL3814257           -9.783 kcal/mol  pIC50=9.18  QED=0.758
2026-04-21 11:56:56 | stage4_docking       | INFO     |   #5  CHEMBL176582            -9.684 kcal/mol  pIC50=11.00  QED=0.591
2026-04-21 11:56:56 | stage4_docking       | INFO     |   #6  CHEMBL174426            -9.402 kcal/mol  pIC50=10.60  QED=0.591
2026-04-21 11:56:56 | stage4_docking       | INFO     | 
============================================================
2026-04-21 11:56:56 | stage4_docking       | INFO     | [EGFR] PDB: 5UG9  |  Reference ligand: AUTO-DETECT
2026-04-21 11:56:56 | stage4_docking       | INFO     | Cleaned PDB: protein_clean.pdb  (2298 heavy atoms)
2026-04-21 11:56:56 | stage4_docking       | INFO     | Protein PDBQT: protein.pdbqt
2026-04-21 11:56:56 | stage4_docking       | INFO     |   Pocket centre: (-13.9, 14.9, -26.7) | box: 21.7 x 22.4 x 22.7 A | ref: 8AM
2026-04-21 11:57:00 | stage4_docking       | INFO     |   [CHEMBL53711] Best: -8.828 kcal/mol | all: -8.83 -8.24 -8.23 -8.18 -7.44 -7.23 -7.17 -6.88 -6.50
2026-04-21 11:57:03 | stage4_docking       | INFO     |   [CHEMBL53753] Best: -8.562 kcal/mol | all: -8.56 -8.04 -7.92 -7.55 -7.38 -7.24 -7.14 -6.99 -6.99
2026-04-21 11:57:07 | stage4_docking       | INFO     |   [CHEMBL53428] Best: -8.707 kcal/mol | all: -8.71 -7.94 -7.93 -7.46 -7.40 -7.38 -7.35 -7.00 -6.74
2026-04-21 11:57:10 | stage4_docking       | INFO     |   [CHEMBL54400] Best: -8.294 kcal/mol | all: -8.29 -7.69 -7.65 -7.21 -7.04 -6.99 -6.93 -6.82 -6.80
2026-04-21 11:57:14 | stage4_docking       | INFO     |   [CHEMBL166154] Best: -8.458 kcal/mol | all: -8.46 -7.89 -7.88 -7.77 -7.62 -7.37 -7.06 -6.96 -6.85
2026-04-21 11:57:20 | stage4_docking       | INFO     |   [CHEMBL5790648] Best: -8.931 kcal/mol | all: -8.93 -8.89 -8.72 -8.46 -8.08 -7.72 -7.65 -7.64 -6.85
2026-04-21 11:57:24 | stage4_docking       | INFO     |   [CHEMBL188762] Best: -9.412 kcal/mol | all: -9.41 -9.21 -8.68 -8.01 -7.97 -7.17 -7.11 -6.82 -6.80
2026-04-21 11:57:28 | stage4_docking       | INFO     |   [CHEMBL161956] Best: -9.123 kcal/mol | all: -9.12 -7.87 -7.73 -7.34 -7.11 -6.74 -6.71 -6.70 -6.57
2026-04-21 11:57:31 | stage4_docking       | INFO     |   [CHEMBL162821] Best: -8.494 kcal/mol | all: -8.49 -8.48 -8.46 -8.36 -7.68 -7.64 -7.46 -7.44 -7.34
2026-04-21 11:57:37 | stage4_docking       | INFO     |   [CHEMBL5746224] Best: -9.591 kcal/mol | all: -9.59 -9.43 -9.02 -8.79 -8.52 -8.30 -8.13 -7.86 -7.79
2026-04-21 11:57:44 | stage4_docking       | INFO     |   [CHEMBL5968640] Best: -9.274 kcal/mol | all: -9.27 -8.90 -8.16 -8.03 -7.86 -7.73 -7.43 -7.10 -6.57
2026-04-21 11:57:49 | stage4_docking       | INFO     |   [CHEMBL5993268] Best: -9.735 kcal/mol | all: -9.73 -9.16 -8.99 -8.55 -8.20 -8.09 -7.89 -7.57 -6.79
2026-04-21 11:57:52 | stage4_docking       | INFO     |   [CHEMBL66031] Best: -8.782 kcal/mol | all: -8.78 -8.41 -7.91 -7.37 -7.18 -7.17 -7.01 -6.67 -6.50
2026-04-21 11:57:56 | stage4_docking       | INFO     |   [CHEMBL2031296] Best: -9.305 kcal/mol | all: -9.30 -9.07 -8.60 -8.58 -8.35 -8.07 -7.89 -7.85 -7.46
2026-04-21 11:57:59 | stage4_docking       | INFO     |   [CHEMBL53062] Best: -8.272 kcal/mol | all: -8.27 -8.14 -7.98 -7.97 -7.80 -7.78 -7.67 -7.42 -7.36
2026-04-21 11:58:06 | stage4_docking       | INFO     |   [CHEMBL5997498] Best: -9.624 kcal/mol | all: -9.62 -9.42 -9.05 -8.67 -8.38 -8.32 -8.12 -8.03 -7.83
2026-04-21 11:58:09 | stage4_docking       | INFO     |   [CHEMBL176582] Best: -9.063 kcal/mol | all: -9.06 -9.04 -8.62 -8.02 -8.01 -7.40 -6.83 -6.75 -6.70
2026-04-21 11:58:13 | stage4_docking       | INFO     |   [CHEMBL351629] Best: -8.611 kcal/mol | all: -8.61 -8.38 -8.12 -7.60 -7.36 -7.32 -7.29 -6.85 -6.84
2026-04-21 11:58:17 | stage4_docking       | INFO     |   [CHEMBL3814257] Best: -9.343 kcal/mol | all: -9.34 -9.12 -9.01 -8.99 -8.61 -8.41 -8.35 -8.28 -8.25
2026-04-21 11:58:21 | stage4_docking       | INFO     |   [CHEMBL592617] Best: -10.154 kcal/mol | all: -10.15 -9.37 -8.97 -8.94 -8.89 -8.57 -8.21 -7.79 -7.41
2026-04-21 11:58:27 | stage4_docking       | INFO     |   [CHEMBL5915655] Best: -8.964 kcal/mol | all: -8.96 -8.80 -8.78 -8.68 -8.48 -8.25 -8.15 -7.77 -7.63
2026-04-21 11:58:31 | stage4_docking       | INFO     |   [CHEMBL165864] Best: -8.417 kcal/mol | all: -8.42 -8.02 -7.92 -7.84 -7.64 -7.41 -7.41 -7.25 -6.93
2026-04-21 11:58:35 | stage4_docking       | INFO     |   [CHEMBL53156] Best: -8.311 kcal/mol | all: -8.31 -8.11 -8.08 -7.81 -7.52 -7.44 -7.34 -7.30 -7.24
2026-04-21 11:58:38 | stage4_docking       | INFO     |   [CHEMBL127082] Best: -8.204 kcal/mol | all: -8.20 -8.20 -8.08 -8.03 -8.00 -7.83 -7.77 -7.62 -7.33
2026-04-21 11:58:42 | stage4_docking       | INFO     |   [CHEMBL174426] Best: -8.959 kcal/mol | all: -8.96 -8.00 -7.97 -7.93 -7.64 -7.46 -6.96 -6.62 -6.41
2026-04-21 11:58:46 | stage4_docking       | INFO     |   [CHEMBL127041] Best: -8.377 kcal/mol | all: -8.38 -7.92 -7.91 -7.88 -7.84 -7.70 -7.55 -7.40 -7.20
2026-04-21 11:58:49 | stage4_docking       | INFO     |   [CHEMBL50519] Best: -8.269 kcal/mol | all: -8.27 -8.09 -8.05 -7.82 -7.58 -7.54 -7.32 -7.25 -6.88
2026-04-21 11:58:52 | stage4_docking       | INFO     |   [CHEMBL92812] Best: -8.395 kcal/mol | all: -8.39 -8.37 -8.21 -8.07 -7.88 -7.76 -7.38 -7.13 -7.08
2026-04-21 11:58:56 | stage4_docking       | INFO     |   [CHEMBL50344] Best: -8.807 kcal/mol | all: -8.81 -7.63 -7.57 -7.35 -7.04 -7.00 -6.63 -6.58 -6.38
2026-04-21 11:59:03 | stage4_docking       | INFO     |   [CHEMBL5786982] Best: -9.604 kcal/mol | all: -9.60 -9.40 -9.39 -8.71 -8.43 -8.27 -8.16 -8.13 -7.52
2026-04-21 11:59:06 | stage4_docking       | INFO     |   [CHEMBL4250210] Best: -7.586 kcal/mol | all: -7.59 -6.86 -6.67 -6.52 -6.39 -6.08 -5.88 -5.77 -5.64
2026-04-21 11:59:11 | stage4_docking       | INFO     |   [CHEMBL3623279] Best: -8.398 kcal/mol | all: -8.40 -8.28 -8.12 -7.48 -7.47 -7.39 -7.34 -7.23 -7.08
2026-04-21 11:59:15 | stage4_docking       | INFO     |   [CHEMBL341319] Best: -8.608 kcal/mol | all: -8.61 -7.82 -7.49 -7.49 -7.33 -7.24 -7.08 -7.08 -6.82
2026-04-21 11:59:19 | stage4_docking       | INFO     |   [CHEMBL355816] Best: -7.977 kcal/mol | all: -7.98 -7.96 -7.70 -7.49 -7.35 -6.91 -6.88 -6.66 -6.61
2026-04-21 11:59:24 | stage4_docking       | INFO     |   [CHEMBL162034] Best: -8.171 kcal/mol | all: -8.17 -8.08 -8.02 -7.99 -7.66 -7.50 -7.27 -7.22 -7.16
2026-04-21 11:59:27 | stage4_docking       | INFO     |   [CHEMBL53796] Best: -8.678 kcal/mol | all: -8.68 -8.50 -8.14 -7.98 -7.91 -7.82 -7.40 -7.04 -6.75
2026-04-21 11:59:30 | stage4_docking       | INFO     |   [CHEMBL93302] Best: -8.531 kcal/mol | all: -8.53 -7.87 -7.73 -7.67 -7.67 -7.50 -7.06 -6.81 -6.34
2026-04-21 11:59:37 | stage4_docking       | INFO     |   [CHEMBL6054692] Best: -9.540 kcal/mol | all: -9.54 -9.08 -8.82 -8.72 -8.58 -8.17 -7.90 -7.64 -7.62
2026-04-21 11:59:42 | stage4_docking       | INFO     |   [CHEMBL2031297] Best: -8.754 kcal/mol | all: -8.75 -8.75 -8.47 -8.37 -8.21 -7.84 -7.79 -7.76 -7.49
2026-04-21 11:59:46 | stage4_docking       | INFO     |   [CHEMBL163188] Best: -8.850 kcal/mol | all: -8.85 -8.80 -8.46 -8.13 -7.97 -7.85 -7.58 -7.18 -7.06
2026-04-21 11:59:46 | stage4_docking       | INFO     | 
  ++++++++++++++++++++++++++++++++++++++++++++++++++++++++
2026-04-21 11:59:46 | stage4_docking       | INFO     |   TOP-6  BEST AFFINITY  |  EGFR x 5UG9
2026-04-21 11:59:46 | stage4_docking       | INFO     |   ++++++++++++++++++++++++++++++++++++++++++++++++++++++++
2026-04-21 11:59:46 | stage4_docking       | INFO     |   #1  CHEMBL592617            -10.154 kcal/mol  pIC50=9.77  QED=0.712
2026-04-21 11:59:46 | stage4_docking       | INFO     |   #2  CHEMBL5993268           -9.735 kcal/mol  pIC50=10.42  QED=0.626
2026-04-21 11:59:46 | stage4_docking       | INFO     |   #3  CHEMBL5997498           -9.624 kcal/mol  pIC50=10.70  QED=0.595
2026-04-21 11:59:46 | stage4_docking       | INFO     |   #4  CHEMBL5786982           -9.604 kcal/mol  pIC50=9.94  QED=0.638
2026-04-21 11:59:46 | stage4_docking       | INFO     |   #5  CHEMBL5746224           -9.591 kcal/mol  pIC50=10.77  QED=0.641
2026-04-21 11:59:46 | stage4_docking       | INFO     |   #6  CHEMBL6054692           -9.540 kcal/mol  pIC50=10.68  QED=0.563
2026-04-21 11:59:46 | stage4_docking       | INFO     | [EGFR] Global docking results: /Users/wangyang/Desktop/drug_pipeline/data/results/EGFR_docking_all.csv
2026-04-21 11:59:50 | stage4_docking       | INFO     | Saved: EGFR_8A27_docking.pdf
2026-04-21 11:59:54 | stage4_docking       | INFO     | Saved: EGFR_8A2D_docking.pdf
2026-04-21 11:59:57 | stage4_docking       | INFO     | Saved: EGFR_5UG9_docking.pdf
2026-04-21 11:59:59 | stage4_docking       | INFO     | Saved: EGFR_top6_docking.pdf
2026-04-21 12:00:02 | stage4_docking       | INFO     | Saved: EGFR_pose_profiles.pdf
2026-04-21 12:00:05 | stage4_docking       | INFO     | Saved: EGFR_docking_heatmap.pdf
2026-04-21 12:04:59 | stage4_docking       | INFO     | [EGFR] Loaded docking from checkpoint (120 rows)
2026-04-21 12:05:45 | stage4_docking       | INFO     | [EGFR] Loaded docking from checkpoint (120 rows)
